<?xml version="1.0" encoding="UTF-8"?>
<robot generator="Robot 7.0 (Python 3.12.3 on win32)" generated="2024-05-28T17:52:55.161945" rpa="false" schemaversion="5">
<suite id="s1" name="homeTest" source="c:\Users\User\Documents\QA - Raro Academy\atividade9-raroacademy-ARIANA-SILVA\android\features\homeTest.robot">
<test id="s1-t1" name="Verificar se é possível visualizar a funcionalidade de investimentos" line="36">
<kw name="Abrir App" owner="config" type="SETUP">
<kw name="Open Application" owner="AppiumLibrary">
<arg>${APPIUM_URL}</arg>
<arg>automationName=${ANDROID_AUTOMATION_NAME}</arg>
<arg>platformName=${ANDROID_PLATFORM_NAME}</arg>
<arg>platformVersion=${ANDROID_PLATFORM_VERSION}</arg>
<arg>appActivity=${ANDROID_APP_ACTIVITY}</arg>
<arg>appPackage=${ANDROID_APP_PACKAGE}</arg>
<doc>Opens a new application to given Appium server.
Capabilities of appium server, Android and iOS,
Please check https://github.com/appium/appium/blob/master/docs/en/writing-running-appium/server-args.md
| *Option*            | *Man.* | *Description*     |
| remote_url          | Yes    | Appium server url |
| alias               | no     | alias             |
| strict_ssl          | No     | allows you to send commands to an invalid certificate host like a self-signed one. |</doc>
<status status="PASS" start="2024-05-28T17:52:55.559945" elapsed="10.847142"/>
</kw>
<status status="PASS" start="2024-05-28T17:52:55.558947" elapsed="10.849140"/>
</kw>
<kw name="Dado que o usuário está logado" owner="nuClonePage">
<kw name="Visualiza texto" owner="commons">
<kw name="Element Should Be Visible" owner="AppiumLibrary">
<msg time="2024-05-28T17:53:07.697264" level="INFO">xpath criteria: //android.view.View[@content-desc="Olá, Breno Freitas"]</msg>
<arg>${elemento}</arg>
<doc>Verifies that element identified with locator is visible.</doc>
<status status="PASS" start="2024-05-28T17:53:06.411085" elapsed="1.289178"/>
</kw>
<kw name="Get Element Attribute" owner="AppiumLibrary">
<msg time="2024-05-28T17:53:07.893146" level="INFO">Element 'xpath=//android.view.View[@content-desc="Olá, Breno Freitas"]' attribute 'content-desc' value 'Olá, Breno Freitas' </msg>
<msg time="2024-05-28T17:53:07.894146" level="INFO">xpath criteria: //android.view.View[@content-desc="Olá, Breno Freitas"]</msg>
<msg time="2024-05-28T17:53:07.894670" level="INFO">${contentDesc} = Olá, Breno Freitas</msg>
<var>${contentDesc}</var>
<arg>${elemento}</arg>
<arg>content-desc</arg>
<doc>Get element attribute using given attribute: name, value,...</doc>
<status status="PASS" start="2024-05-28T17:53:07.701263" elapsed="0.193407"/>
</kw>
<kw name="Should Contain" owner="BuiltIn">
<arg>${contentDesc}</arg>
<arg>${nome}</arg>
<doc>Fails if ``container`` does not contain ``item`` one or more times.</doc>
<status status="PASS" start="2024-05-28T17:53:07.895190" elapsed="0.000000"/>
</kw>
<arg>${NAME}</arg>
<arg>Olá, Breno Freitas</arg>
<status status="PASS" start="2024-05-28T17:53:06.410084" elapsed="1.486101"/>
</kw>
<status status="PASS" start="2024-05-28T17:53:06.409084" elapsed="1.487101"/>
</kw>
<kw name="Quando acessar à página inicial" owner="nuClonePage">
<kw name="Visualiza texto" owner="commons">
<kw name="Element Should Be Visible" owner="AppiumLibrary">
<msg time="2024-05-28T17:53:08.062274" level="INFO">xpath criteria: //android.view.View[@content-desc="Olá, Breno Freitas"]</msg>
<arg>${elemento}</arg>
<doc>Verifies that element identified with locator is visible.</doc>
<status status="PASS" start="2024-05-28T17:53:07.900184" elapsed="0.162090"/>
</kw>
<kw name="Get Element Attribute" owner="AppiumLibrary">
<msg time="2024-05-28T17:53:08.229106" level="INFO">Element 'xpath=//android.view.View[@content-desc="Olá, Breno Freitas"]' attribute 'content-desc' value 'Olá, Breno Freitas' </msg>
<msg time="2024-05-28T17:53:08.229106" level="INFO">xpath criteria: //android.view.View[@content-desc="Olá, Breno Freitas"]</msg>
<msg time="2024-05-28T17:53:08.229106" level="INFO">${contentDesc} = Olá, Breno Freitas</msg>
<var>${contentDesc}</var>
<arg>${elemento}</arg>
<arg>content-desc</arg>
<doc>Get element attribute using given attribute: name, value,...</doc>
<status status="PASS" start="2024-05-28T17:53:08.063272" elapsed="0.166834"/>
</kw>
<kw name="Should Contain" owner="BuiltIn">
<arg>${contentDesc}</arg>
<arg>${nome}</arg>
<doc>Fails if ``container`` does not contain ``item`` one or more times.</doc>
<status status="PASS" start="2024-05-28T17:53:08.230106" elapsed="0.000518"/>
</kw>
<arg>${NAME}</arg>
<arg>Olá, Breno Freitas</arg>
<status status="PASS" start="2024-05-28T17:53:07.899185" elapsed="0.331439"/>
</kw>
<status status="PASS" start="2024-05-28T17:53:07.898184" elapsed="0.332440"/>
</kw>
<kw name="Então será possível visualizar informações sobre investimentos" owner="nuClonePage">
<kw name="Swipe By Percent" owner="AppiumLibrary">
<arg>50</arg>
<arg>50</arg>
<arg>50</arg>
<arg>5</arg>
<doc>Swipe from one percent of the screen to another percent, for an optional duration.
Normal swipe fails to scale for different screen resolutions, this can be avoided using percent.</doc>
<status status="PASS" start="2024-05-28T17:53:08.235620" elapsed="1.683479"/>
</kw>
<kw name="Wait Until Element Is Visible" owner="AppiumLibrary">
<msg time="2024-05-28T17:53:13.002525" level="INFO">xpath criteria: //android.view.View[contains(@content-desc,"Investimentos")]</msg>
<arg>${INVESTIMENTO_CARD}</arg>
<doc>Waits until element specified with `locator` is visible.</doc>
<status status="PASS" start="2024-05-28T17:53:09.919099" elapsed="3.086425"/>
</kw>
<status status="PASS" start="2024-05-28T17:53:08.234620" elapsed="4.770904"/>
</kw>
<kw name="Teardown" owner="config" type="TEARDOWN">
<kw name="Run Keyword If Test Failed" owner="BuiltIn">
<arg>Capture Page Screenshot</arg>
<doc>Runs the given keyword with the given arguments, if the test failed.</doc>
<status status="PASS" start="2024-05-28T17:53:13.009044" elapsed="0.000000"/>
</kw>
<kw name="Close All Applications" owner="AppiumLibrary">
<doc>Closes all open applications.</doc>
<status status="PASS" start="2024-05-28T17:53:13.010043" elapsed="2.651090"/>
</kw>
<status status="PASS" start="2024-05-28T17:53:13.008044" elapsed="2.654089"/>
</kw>
<status status="PASS" start="2024-05-28T17:52:55.550944" elapsed="20.147717"/>
</test>
<status status="PASS" start="2024-05-28T17:52:55.175283" elapsed="20.532893"/>
</suite>
<statistics>
<total>
<stat pass="1" fail="0" skip="0">All Tests</stat>
</total>
<tag>
</tag>
<suite>
<stat pass="1" fail="0" skip="0" id="s1" name="homeTest">homeTest</stat>
</suite>
</statistics>
<errors>
</errors>
</robot>
